2025-11-11 12:42:41 | INFO     | main:startup_event:68 - application_started
2025-11-11 12:42:58 | INFO     | presentation.middleware.logging:log_requests_middleware:12 - request_started
2025-11-11 12:42:58 | INFO     | presentation.middleware.logging:log_requests_middleware:24 - request_completed
2025-11-11 12:42:58 | INFO     | presentation.middleware.logging:log_requests_middleware:12 - request_started
2025-11-11 12:42:58 | INFO     | presentation.middleware.logging:log_requests_middleware:24 - request_completed
2025-11-11 12:43:05 | INFO     | presentation.middleware.logging:log_requests_middleware:12 - request_started
2025-11-11 12:43:05 | INFO     | presentation.middleware.logging:log_requests_middleware:24 - request_completed
2025-11-11 12:43:23 | INFO     | presentation.middleware.logging:log_requests_middleware:12 - request_started
2025-11-11 12:43:23 | INFO     | sqlalchemy.log:info:159 - select pg_catalog.version()
2025-11-11 12:43:23 | INFO     | sqlalchemy.log:info:159 - [raw sql] ()
2025-11-11 12:43:23 | INFO     | sqlalchemy.log:info:159 - select current_schema()
2025-11-11 12:43:23 | INFO     | sqlalchemy.log:info:159 - [raw sql] ()
2025-11-11 12:43:23 | INFO     | sqlalchemy.log:info:159 - show standard_conforming_strings
2025-11-11 12:43:23 | INFO     | sqlalchemy.log:info:159 - [raw sql] ()
2025-11-11 12:43:23 | INFO     | sqlalchemy.log:info:159 - BEGIN (implicit)
2025-11-11 12:43:23 | INFO     | sqlalchemy.log:info:159 - SELECT books.book_id, books.title, books.author, books.year_publication, books.genre, books.number_pages, books.isbn, books.accessibility, books.description, books.created_at, books.updated_at 
FROM books
2025-11-11 12:43:23 | INFO     | sqlalchemy.log:info:159 - [generated in 0.00031s] ()
2025-11-11 12:43:23 | INFO     | sqlalchemy.log:info:159 - ROLLBACK
2025-11-11 12:43:23 | ERROR    | presentation.api.exception_handlers:sqlalchemy_error_handler:108 - Database error: (sqlalchemy.dialects.postgresql.asyncpg.ProgrammingError) <class 'asyncpg.exceptions.UndefinedTableError'>: отношение "books" не существует
[SQL: SELECT books.book_id, books.title, books.author, books.year_publication, books.genre, books.number_pages, books.isbn, books.accessibility, books.description, books.created_at, books.updated_at 
FROM books]
(Background on this error at: https://sqlalche.me/e/20/f405)
2025-11-11 12:43:23 | INFO     | presentation.middleware.logging:log_requests_middleware:24 - request_completed
2025-11-11 12:43:48 | INFO     | main:shutdown_event:78 - application_shutdown
2025-11-11 13:23:07 | INFO     | main:startup_event:68 - application_started
2025-11-11 13:23:11 | INFO     | presentation.middleware.logging:log_requests_middleware:12 - request_started
2025-11-11 13:23:11 | INFO     | presentation.middleware.logging:log_requests_middleware:24 - request_completed
2025-11-11 13:23:11 | INFO     | presentation.middleware.logging:log_requests_middleware:12 - request_started
2025-11-11 13:23:11 | INFO     | presentation.middleware.logging:log_requests_middleware:24 - request_completed
2025-11-11 13:23:13 | INFO     | presentation.middleware.logging:log_requests_middleware:12 - request_started
2025-11-11 13:23:14 | INFO     | sqlalchemy.log:info:159 - select pg_catalog.version()
2025-11-11 13:23:14 | INFO     | sqlalchemy.log:info:159 - [raw sql] ()
2025-11-11 13:23:14 | INFO     | sqlalchemy.log:info:159 - select current_schema()
2025-11-11 13:23:14 | INFO     | sqlalchemy.log:info:159 - [raw sql] ()
2025-11-11 13:23:14 | INFO     | sqlalchemy.log:info:159 - show standard_conforming_strings
2025-11-11 13:23:14 | INFO     | sqlalchemy.log:info:159 - [raw sql] ()
2025-11-11 13:23:14 | INFO     | sqlalchemy.log:info:159 - BEGIN (implicit)
2025-11-11 13:23:14 | INFO     | sqlalchemy.log:info:159 - SELECT books.book_id, books.title, books.author, books.year_publication, books.genre, books.number_pages, books.isbn, books.accessibility, books.description, books.created_at, books.updated_at 
FROM books
2025-11-11 13:23:14 | INFO     | sqlalchemy.log:info:159 - [generated in 0.00029s] ()
2025-11-11 13:23:14 | INFO     | presentation.middleware.logging:log_requests_middleware:24 - request_completed
2025-11-11 13:23:14 | INFO     | sqlalchemy.log:info:159 - COMMIT
2025-11-11 13:23:28 | INFO     | presentation.middleware.logging:log_requests_middleware:12 - request_started
2025-11-11 13:23:28 | INFO     | sqlalchemy.log:info:159 - BEGIN (implicit)
2025-11-11 13:23:28 | INFO     | sqlalchemy.log:info:159 - INSERT INTO books (title, author, year_publication, genre, number_pages, isbn, accessibility, description, created_at, updated_at) VALUES ($1::VARCHAR, $2::VARCHAR, $3::INTEGER, $4::VARCHAR, $5::INTEGER, $6::VARCHAR, $7::BOOLEAN, $8::VARCHAR, $9::TIMESTAMP WITHOUT TIME ZONE, $10::TIMESTAMP WITHOUT TIME ZONE) RETURNING books.book_id
2025-11-11 13:23:28 | INFO     | sqlalchemy.log:info:159 - [generated in 0.00075s] ('The Great Gatsby', 'F. Scott Fitzgerald', 1925, 'Fiction', 180, '9780743273565', True, 'string', datetime.datetime(2025, 11, 11, 10, 23, 28, 296169), datetime.datetime(2025, 11, 11, 10, 23, 28, 296178))
2025-11-11 13:23:28 | INFO     | sqlalchemy.log:info:159 - SELECT books.book_id, books.title, books.author, books.year_publication, books.genre, books.number_pages, books.isbn, books.accessibility, books.description, books.created_at, books.updated_at 
FROM books 
WHERE books.book_id = $1::INTEGER
2025-11-11 13:23:28 | INFO     | sqlalchemy.log:info:159 - [generated in 0.00042s] (1,)
2025-11-11 13:23:28 | INFO     | presentation.middleware.logging:log_requests_middleware:24 - request_completed
2025-11-11 13:23:28 | INFO     | sqlalchemy.log:info:159 - COMMIT
2025-11-11 13:23:38 | INFO     | presentation.middleware.logging:log_requests_middleware:12 - request_started
2025-11-11 13:23:38 | INFO     | sqlalchemy.log:info:159 - BEGIN (implicit)
2025-11-11 13:23:38 | INFO     | sqlalchemy.log:info:159 - SELECT books.book_id, books.title, books.author, books.year_publication, books.genre, books.number_pages, books.isbn, books.accessibility, books.description, books.created_at, books.updated_at 
FROM books 
WHERE books.book_id = $1::INTEGER
2025-11-11 13:23:38 | INFO     | sqlalchemy.log:info:159 - [generated in 0.00052s] (1,)
2025-11-11 13:23:38 | INFO     | presentation.middleware.logging:log_requests_middleware:24 - request_completed
2025-11-11 13:23:38 | INFO     | sqlalchemy.log:info:159 - COMMIT
2025-11-11 13:23:44 | INFO     | main:shutdown_event:78 - application_shutdown
2025-11-11 15:00:39 | INFO     | main:startup_event:68 - application_started
2025-11-11 15:10:37 | INFO     | main:shutdown_event:78 - application_shutdown
2025-11-11 15:11:26 | INFO     | main:lifespan:17 - application_started
2025-11-11 15:11:38 | INFO     | presentation.middleware.logging:log_requests_middleware:12 - request_started
2025-11-11 15:11:38 | INFO     | presentation.middleware.logging:log_requests_middleware:24 - request_completed
2025-11-11 15:11:38 | INFO     | presentation.middleware.logging:log_requests_middleware:12 - request_started
2025-11-11 15:11:38 | INFO     | presentation.middleware.logging:log_requests_middleware:24 - request_completed
2025-11-11 15:11:41 | INFO     | presentation.middleware.logging:log_requests_middleware:12 - request_started
2025-11-11 15:11:41 | INFO     | sqlalchemy.log:info:159 - select pg_catalog.version()
2025-11-11 15:11:41 | INFO     | sqlalchemy.log:info:159 - [raw sql] ()
2025-11-11 15:11:41 | INFO     | sqlalchemy.log:info:159 - select current_schema()
2025-11-11 15:11:41 | INFO     | sqlalchemy.log:info:159 - [raw sql] ()
2025-11-11 15:11:41 | INFO     | sqlalchemy.log:info:159 - show standard_conforming_strings
2025-11-11 15:11:41 | INFO     | sqlalchemy.log:info:159 - [raw sql] ()
2025-11-11 15:11:41 | INFO     | sqlalchemy.log:info:159 - BEGIN (implicit)
2025-11-11 15:11:41 | INFO     | sqlalchemy.log:info:159 - SELECT books.book_id, books.title, books.author, books.year_publication, books.genre, books.number_pages, books.isbn, books.accessibility, books.description, books.created_at, books.updated_at 
FROM books 
WHERE books.book_id = $1::INTEGER
2025-11-11 15:11:41 | INFO     | sqlalchemy.log:info:159 - [generated in 0.00027s] (1,)
2025-11-11 15:11:41 | INFO     | presentation.middleware.logging:log_requests_middleware:24 - request_completed
2025-11-11 15:11:41 | INFO     | sqlalchemy.log:info:159 - COMMIT
2025-11-11 15:11:55 | INFO     | presentation.middleware.logging:log_requests_middleware:12 - request_started
2025-11-11 15:11:55 | INFO     | sqlalchemy.log:info:159 - BEGIN (implicit)
2025-11-11 15:11:55 | INFO     | sqlalchemy.log:info:159 - SELECT books.book_id, books.title, books.author, books.year_publication, books.genre, books.number_pages, books.isbn, books.accessibility, books.description, books.created_at, books.updated_at 
FROM books 
WHERE books.book_id = $1::INTEGER
2025-11-11 15:11:55 | INFO     | sqlalchemy.log:info:159 - [cached since 13.36s ago] (1,)
2025-11-11 15:11:55 | INFO     | sqlalchemy.log:info:159 - SELECT books.book_id, books.title, books.author, books.year_publication, books.genre, books.number_pages, books.isbn, books.accessibility, books.description, books.created_at, books.updated_at 
FROM books 
WHERE books.book_id = $1::INTEGER
2025-11-11 15:11:55 | INFO     | sqlalchemy.log:info:159 - [generated in 0.00040s] (1,)
2025-11-11 15:11:55 | INFO     | presentation.middleware.logging:log_requests_middleware:24 - request_completed
2025-11-11 15:11:55 | INFO     | sqlalchemy.log:info:159 - COMMIT
2025-11-11 15:12:03 | INFO     | presentation.middleware.logging:log_requests_middleware:12 - request_started
2025-11-11 15:12:03 | INFO     | sqlalchemy.log:info:159 - BEGIN (implicit)
2025-11-11 15:12:03 | INFO     | sqlalchemy.log:info:159 - SELECT books.book_id, books.title, books.author, books.year_publication, books.genre, books.number_pages, books.isbn, books.accessibility, books.description, books.created_at, books.updated_at 
FROM books 
WHERE books.book_id = $1::INTEGER
2025-11-11 15:12:03 | INFO     | sqlalchemy.log:info:159 - [cached since 21.95s ago] (1,)
2025-11-11 15:12:03 | INFO     | sqlalchemy.log:info:159 - DELETE FROM books WHERE books.book_id = $1::INTEGER
2025-11-11 15:12:03 | INFO     | sqlalchemy.log:info:159 - [generated in 0.00020s] (1,)
2025-11-11 15:12:03 | INFO     | presentation.middleware.logging:log_requests_middleware:24 - request_completed
2025-11-11 15:12:03 | INFO     | sqlalchemy.log:info:159 - COMMIT
2025-11-11 15:12:10 | INFO     | presentation.middleware.logging:log_requests_middleware:12 - request_started
2025-11-11 15:12:10 | INFO     | sqlalchemy.log:info:159 - BEGIN (implicit)
2025-11-11 15:12:10 | INFO     | sqlalchemy.log:info:159 - SELECT books.book_id, books.title, books.author, books.year_publication, books.genre, books.number_pages, books.isbn, books.accessibility, books.description, books.created_at, books.updated_at 
FROM books
2025-11-11 15:12:10 | INFO     | sqlalchemy.log:info:159 - [generated in 0.00026s] ()
2025-11-11 15:12:10 | INFO     | presentation.middleware.logging:log_requests_middleware:24 - request_completed
2025-11-11 15:12:10 | INFO     | sqlalchemy.log:info:159 - COMMIT
2025-11-11 15:12:16 | INFO     | presentation.middleware.logging:log_requests_middleware:12 - request_started
2025-11-11 15:12:16 | INFO     | sqlalchemy.log:info:159 - BEGIN (implicit)
2025-11-11 15:12:16 | INFO     | sqlalchemy.log:info:159 - INSERT INTO books (title, author, year_publication, genre, number_pages, isbn, accessibility, description, created_at, updated_at) VALUES ($1::VARCHAR, $2::VARCHAR, $3::INTEGER, $4::VARCHAR, $5::INTEGER, $6::VARCHAR, $7::BOOLEAN, $8::VARCHAR, $9::TIMESTAMP WITHOUT TIME ZONE, $10::TIMESTAMP WITHOUT TIME ZONE) RETURNING books.book_id
2025-11-11 15:12:16 | INFO     | sqlalchemy.log:info:159 - [generated in 0.00154s] ('The Great Gatsby', 'F. Scott Fitzgerald', 1925, 'Fiction', 180, '9780743273565', True, 'string', datetime.datetime(2025, 11, 11, 12, 12, 16, 104927), datetime.datetime(2025, 11, 11, 12, 12, 16, 104944))
2025-11-11 15:12:16 | INFO     | sqlalchemy.log:info:159 - SELECT books.book_id, books.title, books.author, books.year_publication, books.genre, books.number_pages, books.isbn, books.accessibility, books.description, books.created_at, books.updated_at 
FROM books 
WHERE books.book_id = $1::INTEGER
2025-11-11 15:12:16 | INFO     | sqlalchemy.log:info:159 - [cached since 21.07s ago] (2,)
2025-11-11 15:12:16 | INFO     | presentation.middleware.logging:log_requests_middleware:24 - request_completed
2025-11-11 15:12:16 | INFO     | sqlalchemy.log:info:159 - COMMIT
2025-11-11 15:12:27 | INFO     | presentation.middleware.logging:log_requests_middleware:12 - request_started
2025-11-11 15:12:27 | INFO     | sqlalchemy.log:info:159 - BEGIN (implicit)
2025-11-11 15:12:27 | INFO     | sqlalchemy.log:info:159 - SELECT books.book_id, books.title, books.author, books.year_publication, books.genre, books.number_pages, books.isbn, books.accessibility, books.description, books.created_at, books.updated_at 
FROM books 
WHERE books.author = $1::VARCHAR
2025-11-11 15:12:27 | INFO     | sqlalchemy.log:info:159 - [generated in 0.00023s] ('The Great Gatsby',)
2025-11-11 15:12:27 | INFO     | presentation.middleware.logging:log_requests_middleware:24 - request_completed
2025-11-11 15:12:27 | INFO     | sqlalchemy.log:info:159 - COMMIT
2025-11-11 15:12:38 | INFO     | presentation.middleware.logging:log_requests_middleware:12 - request_started
2025-11-11 15:12:38 | INFO     | sqlalchemy.log:info:159 - BEGIN (implicit)
2025-11-11 15:12:38 | INFO     | sqlalchemy.log:info:159 - SELECT books.book_id, books.title, books.author, books.year_publication, books.genre, books.number_pages, books.isbn, books.accessibility, books.description, books.created_at, books.updated_at 
FROM books
2025-11-11 15:12:38 | INFO     | sqlalchemy.log:info:159 - [cached since 28.29s ago] ()
2025-11-11 15:12:38 | INFO     | presentation.middleware.logging:log_requests_middleware:24 - request_completed
2025-11-11 15:12:38 | INFO     | sqlalchemy.log:info:159 - COMMIT
2025-11-11 15:13:08 | INFO     | presentation.middleware.logging:log_requests_middleware:12 - request_started
2025-11-11 15:13:08 | INFO     | sqlalchemy.log:info:159 - BEGIN (implicit)
2025-11-11 15:13:08 | INFO     | sqlalchemy.log:info:159 - SELECT books.book_id, books.title, books.author, books.year_publication, books.genre, books.number_pages, books.isbn, books.accessibility, books.description, books.created_at, books.updated_at 
FROM books 
WHERE books.year_publication = $1::INTEGER
2025-11-11 15:13:08 | INFO     | sqlalchemy.log:info:159 - [generated in 0.00034s] (1925,)
2025-11-11 15:13:08 | INFO     | presentation.middleware.logging:log_requests_middleware:24 - request_completed
2025-11-11 15:13:08 | INFO     | sqlalchemy.log:info:159 - COMMIT
2025-11-11 15:13:15 | INFO     | presentation.middleware.logging:log_requests_middleware:12 - request_started
2025-11-11 15:13:15 | INFO     | sqlalchemy.log:info:159 - BEGIN (implicit)
2025-11-11 15:13:15 | INFO     | sqlalchemy.log:info:159 - SELECT 1
2025-11-11 15:13:15 | INFO     | sqlalchemy.log:info:159 - [generated in 0.00021s] ()
2025-11-11 15:13:15 | INFO     | presentation.middleware.logging:log_requests_middleware:24 - request_completed
2025-11-11 15:13:15 | INFO     | sqlalchemy.log:info:159 - COMMIT
2025-11-11 15:13:33 | INFO     | main:lifespan:24 - application_shutdown
2025-11-11 16:14:38 | INFO     | main:lifespan:17 - application_started
2025-11-11 16:14:49 | INFO     | presentation.middleware.logging:log_requests_middleware:12 - request_started
2025-11-11 16:14:49 | INFO     | sqlalchemy.log:info:159 - select pg_catalog.version()
2025-11-11 16:14:49 | INFO     | sqlalchemy.log:info:159 - [raw sql] ()
2025-11-11 16:14:49 | INFO     | sqlalchemy.log:info:159 - select current_schema()
2025-11-11 16:14:49 | INFO     | sqlalchemy.log:info:159 - [raw sql] ()
2025-11-11 16:14:49 | INFO     | sqlalchemy.log:info:159 - show standard_conforming_strings
2025-11-11 16:14:49 | INFO     | sqlalchemy.log:info:159 - [raw sql] ()
2025-11-11 16:14:49 | INFO     | sqlalchemy.log:info:159 - BEGIN (implicit)
2025-11-11 16:14:49 | INFO     | sqlalchemy.log:info:159 - INSERT INTO books (title, author, year_publication, genre, number_pages, isbn, accessibility, description, created_at, updated_at) VALUES ($1::VARCHAR, $2::VARCHAR, $3::INTEGER, $4::VARCHAR, $5::INTEGER, $6::VARCHAR, $7::BOOLEAN, $8::VARCHAR, $9::TIMESTAMP WITHOUT TIME ZONE, $10::TIMESTAMP WITHOUT TIME ZONE) RETURNING books.book_id
2025-11-11 16:14:49 | INFO     | sqlalchemy.log:info:159 - [generated in 0.00041s] ('The Great Gatsby', 'F. Scott Fitzgerald', 1925, 'Fiction', 180, '9780743273565', True, 'string', datetime.datetime(2025, 11, 11, 13, 14, 49, 840609), datetime.datetime(2025, 11, 11, 13, 14, 49, 840615))
2025-11-11 16:14:49 | INFO     | sqlalchemy.log:info:159 - ROLLBACK
2025-11-11 16:14:49 | INFO     | presentation.middleware.logging:log_requests_middleware:24 - request_completed
2025-11-11 16:14:55 | INFO     | presentation.middleware.logging:log_requests_middleware:12 - request_started
2025-11-11 16:14:55 | INFO     | presentation.middleware.logging:log_requests_middleware:24 - request_completed
2025-11-11 16:14:56 | INFO     | presentation.middleware.logging:log_requests_middleware:12 - request_started
2025-11-11 16:14:56 | INFO     | presentation.middleware.logging:log_requests_middleware:24 - request_completed
2025-11-11 16:14:59 | INFO     | presentation.middleware.logging:log_requests_middleware:12 - request_started
2025-11-11 16:14:59 | INFO     | sqlalchemy.log:info:159 - BEGIN (implicit)
2025-11-11 16:14:59 | INFO     | sqlalchemy.log:info:159 - INSERT INTO books (title, author, year_publication, genre, number_pages, isbn, accessibility, description, created_at, updated_at) VALUES ($1::VARCHAR, $2::VARCHAR, $3::INTEGER, $4::VARCHAR, $5::INTEGER, $6::VARCHAR, $7::BOOLEAN, $8::VARCHAR, $9::TIMESTAMP WITHOUT TIME ZONE, $10::TIMESTAMP WITHOUT TIME ZONE) RETURNING books.book_id
2025-11-11 16:14:59 | INFO     | sqlalchemy.log:info:159 - [cached since 9.625s ago] ('The Great Gatsby', 'F. Scott Fitzgerald', 1925, 'Fiction', 180, '9780743273565', True, 'string', datetime.datetime(2025, 11, 11, 13, 14, 59, 465486), datetime.datetime(2025, 11, 11, 13, 14, 59, 465491))
2025-11-11 16:14:59 | INFO     | sqlalchemy.log:info:159 - ROLLBACK
2025-11-11 16:14:59 | INFO     | presentation.middleware.logging:log_requests_middleware:24 - request_completed
2025-11-11 16:15:31 | INFO     | presentation.middleware.logging:log_requests_middleware:12 - request_started
2025-11-11 16:15:31 | INFO     | sqlalchemy.log:info:159 - BEGIN (implicit)
2025-11-11 16:15:31 | INFO     | sqlalchemy.log:info:159 - INSERT INTO books (title, author, year_publication, genre, number_pages, isbn, accessibility, description, created_at, updated_at) VALUES ($1::VARCHAR, $2::VARCHAR, $3::INTEGER, $4::VARCHAR, $5::INTEGER, $6::VARCHAR, $7::BOOLEAN, $8::VARCHAR, $9::TIMESTAMP WITHOUT TIME ZONE, $10::TIMESTAMP WITHOUT TIME ZONE) RETURNING books.book_id
2025-11-11 16:15:31 | INFO     | sqlalchemy.log:info:159 - [cached since 41.48s ago] ('The Great Gatsвфы321by', 'F. Scott Fitzgerald', 1925, 'Fiction', 180, '9780743273565', True, 'string', datetime.datetime(2025, 11, 11, 13, 15, 31, 319155), datetime.datetime(2025, 11, 11, 13, 15, 31, 319159))
2025-11-11 16:15:31 | INFO     | sqlalchemy.log:info:159 - ROLLBACK
2025-11-11 16:15:31 | INFO     | presentation.middleware.logging:log_requests_middleware:24 - request_completed
2025-11-11 16:15:36 | INFO     | presentation.middleware.logging:log_requests_middleware:12 - request_started
2025-11-11 16:15:36 | INFO     | sqlalchemy.log:info:159 - BEGIN (implicit)
2025-11-11 16:15:36 | INFO     | sqlalchemy.log:info:159 - INSERT INTO books (title, author, year_publication, genre, number_pages, isbn, accessibility, description, created_at, updated_at) VALUES ($1::VARCHAR, $2::VARCHAR, $3::INTEGER, $4::VARCHAR, $5::INTEGER, $6::VARCHAR, $7::BOOLEAN, $8::VARCHAR, $9::TIMESTAMP WITHOUT TIME ZONE, $10::TIMESTAMP WITHOUT TIME ZONE) RETURNING books.book_id
2025-11-11 16:15:36 | INFO     | sqlalchemy.log:info:159 - [cached since 46.81s ago] ('The Great Gatsвфы321by', 'F. Scott Fitzgerald', 1925, 'Fiction', 180, '9780743273565', True, 'string', datetime.datetime(2025, 11, 11, 13, 15, 36, 647637), datetime.datetime(2025, 11, 11, 13, 15, 36, 647645))
2025-11-11 16:15:36 | INFO     | sqlalchemy.log:info:159 - ROLLBACK
2025-11-11 16:15:36 | INFO     | presentation.middleware.logging:log_requests_middleware:24 - request_completed
2025-11-11 16:15:37 | INFO     | presentation.middleware.logging:log_requests_middleware:12 - request_started
2025-11-11 16:15:37 | INFO     | sqlalchemy.log:info:159 - BEGIN (implicit)
2025-11-11 16:15:37 | INFO     | sqlalchemy.log:info:159 - INSERT INTO books (title, author, year_publication, genre, number_pages, isbn, accessibility, description, created_at, updated_at) VALUES ($1::VARCHAR, $2::VARCHAR, $3::INTEGER, $4::VARCHAR, $5::INTEGER, $6::VARCHAR, $7::BOOLEAN, $8::VARCHAR, $9::TIMESTAMP WITHOUT TIME ZONE, $10::TIMESTAMP WITHOUT TIME ZONE) RETURNING books.book_id
2025-11-11 16:15:37 | INFO     | sqlalchemy.log:info:159 - [cached since 47.44s ago] ('The Great Gatsвфы321by', 'F. Scott Fitzgerald', 1925, 'Fiction', 180, '9780743273565', True, 'string', datetime.datetime(2025, 11, 11, 13, 15, 37, 277618), datetime.datetime(2025, 11, 11, 13, 15, 37, 277622))
2025-11-11 16:15:37 | INFO     | sqlalchemy.log:info:159 - ROLLBACK
2025-11-11 16:15:37 | INFO     | presentation.middleware.logging:log_requests_middleware:24 - request_completed
2025-11-11 16:15:38 | INFO     | presentation.middleware.logging:log_requests_middleware:12 - request_started
2025-11-11 16:15:38 | INFO     | presentation.middleware.logging:log_requests_middleware:24 - request_completed
2025-11-11 16:15:38 | INFO     | presentation.middleware.logging:log_requests_middleware:12 - request_started
2025-11-11 16:15:38 | INFO     | presentation.middleware.logging:log_requests_middleware:24 - request_completed
2025-11-11 16:15:44 | INFO     | presentation.middleware.logging:log_requests_middleware:12 - request_started
2025-11-11 16:15:44 | INFO     | sqlalchemy.log:info:159 - BEGIN (implicit)
2025-11-11 16:15:44 | INFO     | sqlalchemy.log:info:159 - SELECT books.book_id, books.title, books.author, books.year_publication, books.genre, books.number_pages, books.isbn, books.accessibility, books.description, books.created_at, books.updated_at 
FROM books 
WHERE books.book_id = $1::INTEGER
2025-11-11 16:15:44 | INFO     | sqlalchemy.log:info:159 - [generated in 0.00028s] (1,)
2025-11-11 16:15:44 | INFO     | sqlalchemy.log:info:159 - ROLLBACK
2025-11-11 16:15:44 | INFO     | presentation.middleware.logging:log_requests_middleware:24 - request_completed
2025-11-11 16:15:50 | INFO     | presentation.middleware.logging:log_requests_middleware:12 - request_started
2025-11-11 16:15:50 | INFO     | sqlalchemy.log:info:159 - BEGIN (implicit)
2025-11-11 16:15:50 | INFO     | sqlalchemy.log:info:159 - SELECT books.book_id, books.title, books.author, books.year_publication, books.genre, books.number_pages, books.isbn, books.accessibility, books.description, books.created_at, books.updated_at 
FROM books
2025-11-11 16:15:50 | INFO     | sqlalchemy.log:info:159 - [generated in 0.00061s] ()
2025-11-11 16:15:50 | INFO     | presentation.middleware.logging:log_requests_middleware:24 - request_completed
2025-11-11 16:15:50 | INFO     | sqlalchemy.log:info:159 - COMMIT
2025-11-11 16:16:04 | INFO     | presentation.middleware.logging:log_requests_middleware:12 - request_started
2025-11-11 16:16:04 | INFO     | sqlalchemy.log:info:159 - BEGIN (implicit)
2025-11-11 16:16:04 | INFO     | sqlalchemy.log:info:159 - INSERT INTO books (title, author, year_publication, genre, number_pages, isbn, accessibility, description, created_at, updated_at) VALUES ($1::VARCHAR, $2::VARCHAR, $3::INTEGER, $4::VARCHAR, $5::INTEGER, $6::VARCHAR, $7::BOOLEAN, $8::VARCHAR, $9::TIMESTAMP WITHOUT TIME ZONE, $10::TIMESTAMP WITHOUT TIME ZONE) RETURNING books.book_id
2025-11-11 16:16:04 | INFO     | sqlalchemy.log:info:159 - [cached since 74.59s ago] ('The Great Gatsby', 'F. Scott Fitzgerald', 1925, 'Fiction', 180, '9780743273565', True, 'string', datetime.datetime(2025, 11, 11, 13, 16, 4, 426227), datetime.datetime(2025, 11, 11, 13, 16, 4, 426230))
2025-11-11 16:16:04 | INFO     | sqlalchemy.log:info:159 - ROLLBACK
2025-11-11 16:16:04 | INFO     | presentation.middleware.logging:log_requests_middleware:24 - request_completed
2025-11-11 16:19:02 | INFO     | presentation.middleware.logging:log_requests_middleware:12 - request_started
2025-11-11 16:19:02 | INFO     | sqlalchemy.log:info:159 - BEGIN (implicit)
2025-11-11 16:19:02 | INFO     | sqlalchemy.log:info:159 - INSERT INTO books (title, author, year_publication, genre, number_pages, isbn, accessibility, description, created_at, updated_at) VALUES ($1::VARCHAR, $2::VARCHAR, $3::INTEGER, $4::VARCHAR, $5::INTEGER, $6::VARCHAR, $7::BOOLEAN, $8::VARCHAR, $9::TIMESTAMP WITHOUT TIME ZONE, $10::TIMESTAMP WITHOUT TIME ZONE) RETURNING books.book_id
2025-11-11 16:19:02 | INFO     | sqlalchemy.log:info:159 - [cached since 252.6s ago] ('Harry Potter and the Order of the Phoenix', 'J. K. Rowling', 2007, 'Fiction', 180, '0747591261', True, 'The hottest day of the summer so far was drawing to a close and a drowsy silence lay over the large, square houses of Privet Drive.', datetime.datetime(2025, 11, 11, 13, 19, 2, 433379), datetime.datetime(2025, 11, 11, 13, 19, 2, 433386))
2025-11-11 16:19:02 | INFO     | sqlalchemy.log:info:159 - SELECT books.book_id, books.title, books.author, books.year_publication, books.genre, books.number_pages, books.isbn, books.accessibility, books.description, books.created_at, books.updated_at 
FROM books 
WHERE books.book_id = $1::INTEGER
2025-11-11 16:19:02 | INFO     | sqlalchemy.log:info:159 - [generated in 0.00082s] (9,)
2025-11-11 16:19:02 | INFO     | sqlalchemy.log:info:159 - ROLLBACK
2025-11-11 16:19:02 | INFO     | presentation.middleware.logging:log_requests_middleware:24 - request_completed
2025-11-11 16:19:25 | INFO     | main:lifespan:24 - application_shutdown
2025-11-11 16:19:27 | INFO     | main:lifespan:17 - application_started
2025-11-11 16:19:29 | INFO     | presentation.middleware.logging:log_requests_middleware:12 - request_started
2025-11-11 16:19:29 | INFO     | sqlalchemy.log:info:159 - select pg_catalog.version()
2025-11-11 16:19:29 | INFO     | sqlalchemy.log:info:159 - [raw sql] ()
2025-11-11 16:19:29 | INFO     | sqlalchemy.log:info:159 - select current_schema()
2025-11-11 16:19:29 | INFO     | sqlalchemy.log:info:159 - [raw sql] ()
2025-11-11 16:19:29 | INFO     | sqlalchemy.log:info:159 - show standard_conforming_strings
2025-11-11 16:19:29 | INFO     | sqlalchemy.log:info:159 - [raw sql] ()
2025-11-11 16:19:29 | INFO     | sqlalchemy.log:info:159 - BEGIN (implicit)
2025-11-11 16:19:29 | INFO     | sqlalchemy.log:info:159 - INSERT INTO books (title, author, year_publication, genre, number_pages, isbn, accessibility, description, created_at, updated_at) VALUES ($1::VARCHAR, $2::VARCHAR, $3::INTEGER, $4::VARCHAR, $5::INTEGER, $6::VARCHAR, $7::BOOLEAN, $8::VARCHAR, $9::TIMESTAMP WITHOUT TIME ZONE, $10::TIMESTAMP WITHOUT TIME ZONE) RETURNING books.book_id
2025-11-11 16:19:29 | INFO     | sqlalchemy.log:info:159 - [generated in 0.00039s] ('Harry Potter and the Order of the Phoenix', 'J. K. Rowling', 2007, 'Fiction', 180, '0747591261', True, 'The hottest day of the summer so far was drawing to a close and a drowsy silence lay over the large, square houses of Privet Drive.', datetime.datetime(2025, 11, 11, 13, 19, 29, 739617), datetime.datetime(2025, 11, 11, 13, 19, 29, 739622))
2025-11-11 16:19:29 | INFO     | sqlalchemy.log:info:159 - SELECT books.book_id, books.title, books.author, books.year_publication, books.genre, books.number_pages, books.isbn, books.accessibility, books.description, books.created_at, books.updated_at 
FROM books 
WHERE books.book_id = $1::INTEGER
2025-11-11 16:19:29 | INFO     | sqlalchemy.log:info:159 - [generated in 0.00024s] (10,)
2025-11-11 16:19:29 | INFO     | sqlalchemy.log:info:159 - ROLLBACK
2025-11-11 16:19:29 | INFO     | presentation.middleware.logging:log_requests_middleware:24 - request_completed
2025-11-11 16:19:55 | INFO     | main:lifespan:24 - application_shutdown
2025-11-11 16:19:57 | INFO     | main:lifespan:17 - application_started
2025-11-11 16:19:58 | INFO     | presentation.middleware.logging:log_requests_middleware:12 - request_started
2025-11-11 16:19:58 | INFO     | sqlalchemy.log:info:159 - select pg_catalog.version()
2025-11-11 16:19:58 | INFO     | sqlalchemy.log:info:159 - [raw sql] ()
2025-11-11 16:19:58 | INFO     | sqlalchemy.log:info:159 - select current_schema()
2025-11-11 16:19:58 | INFO     | sqlalchemy.log:info:159 - [raw sql] ()
2025-11-11 16:19:58 | INFO     | sqlalchemy.log:info:159 - show standard_conforming_strings
2025-11-11 16:19:58 | INFO     | sqlalchemy.log:info:159 - [raw sql] ()
2025-11-11 16:19:58 | INFO     | sqlalchemy.log:info:159 - BEGIN (implicit)
2025-11-11 16:19:58 | INFO     | sqlalchemy.log:info:159 - INSERT INTO books (title, author, year_publication, genre, number_pages, isbn, accessibility, description, created_at, updated_at) VALUES ($1::VARCHAR, $2::VARCHAR, $3::INTEGER, $4::VARCHAR, $5::INTEGER, $6::VARCHAR, $7::BOOLEAN, $8::VARCHAR, $9::TIMESTAMP WITHOUT TIME ZONE, $10::TIMESTAMP WITHOUT TIME ZONE) RETURNING books.book_id
2025-11-11 16:19:58 | INFO     | sqlalchemy.log:info:159 - [generated in 0.00028s] ('Harry Potter and the Order of the Phoenix', 'J. K. Rowling', 2007, 'Fiction', 180, '0747591261', True, 'The hottest day of the summer so far was drawing to a close and a drowsy silence lay over the large, square houses of Privet Drive.', datetime.datetime(2025, 11, 11, 13, 19, 58, 92574), datetime.datetime(2025, 11, 11, 13, 19, 58, 92577))
2025-11-11 16:19:58 | INFO     | sqlalchemy.log:info:159 - SELECT books.book_id, books.title, books.author, books.year_publication, books.genre, books.number_pages, books.isbn, books.accessibility, books.description, books.created_at, books.updated_at 
FROM books 
WHERE books.book_id = $1::INTEGER
2025-11-11 16:19:58 | INFO     | sqlalchemy.log:info:159 - [generated in 0.00027s] (11,)
2025-11-11 16:19:58 | INFO     | sqlalchemy.log:info:159 - ROLLBACK
2025-11-11 16:19:58 | INFO     | presentation.middleware.logging:log_requests_middleware:24 - request_completed
2025-11-11 16:21:38 | INFO     | main:lifespan:24 - application_shutdown
2025-11-11 16:21:40 | INFO     | main:lifespan:17 - application_started
2025-11-11 16:21:42 | INFO     | presentation.middleware.logging:log_requests_middleware:12 - request_started
2025-11-11 16:21:43 | INFO     | sqlalchemy.log:info:159 - select pg_catalog.version()
2025-11-11 16:21:43 | INFO     | sqlalchemy.log:info:159 - [raw sql] ()
2025-11-11 16:21:43 | INFO     | sqlalchemy.log:info:159 - select current_schema()
2025-11-11 16:21:43 | INFO     | sqlalchemy.log:info:159 - [raw sql] ()
2025-11-11 16:21:43 | INFO     | sqlalchemy.log:info:159 - show standard_conforming_strings
2025-11-11 16:21:43 | INFO     | sqlalchemy.log:info:159 - [raw sql] ()
2025-11-11 16:21:43 | INFO     | sqlalchemy.log:info:159 - BEGIN (implicit)
2025-11-11 16:21:43 | INFO     | sqlalchemy.log:info:159 - INSERT INTO books (title, author, year_publication, genre, number_pages, isbn, accessibility, description, created_at, updated_at) VALUES ($1::VARCHAR, $2::VARCHAR, $3::INTEGER, $4::VARCHAR, $5::INTEGER, $6::VARCHAR, $7::BOOLEAN, $8::VARCHAR, $9::TIMESTAMP WITHOUT TIME ZONE, $10::TIMESTAMP WITHOUT TIME ZONE) RETURNING books.book_id
2025-11-11 16:21:43 | INFO     | sqlalchemy.log:info:159 - [generated in 0.00024s] ('Harry Potter and the Order of the Phoenix', 'J. K. Rowling', 2007, 'Fiction', 180, '0747591261', True, 'The hottest day of the summer so far was drawing to a close and a drowsy silence lay over the large, square houses of Privet Drive.', datetime.datetime(2025, 11, 11, 13, 21, 43, 39148), datetime.datetime(2025, 11, 11, 13, 21, 43, 39151))
2025-11-11 16:21:43 | INFO     | sqlalchemy.log:info:159 - SELECT books.book_id, books.title, books.author, books.year_publication, books.genre, books.number_pages, books.isbn, books.accessibility, books.description, books.created_at, books.updated_at 
FROM books 
WHERE books.book_id = $1::INTEGER
2025-11-11 16:21:43 | INFO     | sqlalchemy.log:info:159 - [generated in 0.00024s] (12,)
2025-11-11 16:21:43 | INFO     | presentation.middleware.logging:log_requests_middleware:24 - request_completed
2025-11-11 16:21:43 | INFO     | sqlalchemy.log:info:159 - COMMIT
2025-11-11 16:22:54 | INFO     | presentation.middleware.logging:log_requests_middleware:12 - request_started
2025-11-11 16:22:54 | INFO     | sqlalchemy.log:info:159 - BEGIN (implicit)
2025-11-11 16:22:54 | INFO     | sqlalchemy.log:info:159 - SELECT books.book_id, books.title, books.author, books.year_publication, books.genre, books.number_pages, books.isbn, books.accessibility, books.description, books.created_at, books.updated_at 
FROM books 
WHERE books.book_id = $1::INTEGER
2025-11-11 16:22:54 | INFO     | sqlalchemy.log:info:159 - [generated in 0.00205s] (3,)
2025-11-11 16:22:54 | INFO     | sqlalchemy.log:info:159 - ROLLBACK
2025-11-11 16:22:54 | INFO     | presentation.middleware.logging:log_requests_middleware:24 - request_completed
2025-11-11 16:22:57 | INFO     | presentation.middleware.logging:log_requests_middleware:12 - request_started
2025-11-11 16:22:57 | INFO     | sqlalchemy.log:info:159 - BEGIN (implicit)
2025-11-11 16:22:57 | INFO     | sqlalchemy.log:info:159 - SELECT books.book_id, books.title, books.author, books.year_publication, books.genre, books.number_pages, books.isbn, books.accessibility, books.description, books.created_at, books.updated_at 
FROM books 
WHERE books.book_id = $1::INTEGER
2025-11-11 16:22:57 | INFO     | sqlalchemy.log:info:159 - [cached since 2.867s ago] (2,)
2025-11-11 16:22:57 | INFO     | sqlalchemy.log:info:159 - DELETE FROM books WHERE books.book_id = $1::INTEGER
2025-11-11 16:22:57 | INFO     | sqlalchemy.log:info:159 - [generated in 0.00084s] (2,)
2025-11-11 16:22:57 | INFO     | presentation.middleware.logging:log_requests_middleware:24 - request_completed
2025-11-11 16:22:57 | INFO     | sqlalchemy.log:info:159 - COMMIT
2025-11-11 16:23:00 | INFO     | presentation.middleware.logging:log_requests_middleware:12 - request_started
2025-11-11 16:23:00 | INFO     | sqlalchemy.log:info:159 - BEGIN (implicit)
2025-11-11 16:23:00 | INFO     | sqlalchemy.log:info:159 - SELECT books.book_id, books.title, books.author, books.year_publication, books.genre, books.number_pages, books.isbn, books.accessibility, books.description, books.created_at, books.updated_at 
FROM books 
WHERE books.book_id = $1::INTEGER
2025-11-11 16:23:00 | INFO     | sqlalchemy.log:info:159 - [cached since 5.697s ago] (4,)
2025-11-11 16:23:00 | INFO     | sqlalchemy.log:info:159 - ROLLBACK
2025-11-11 16:23:00 | INFO     | presentation.middleware.logging:log_requests_middleware:24 - request_completed
2025-11-11 16:23:02 | INFO     | presentation.middleware.logging:log_requests_middleware:12 - request_started
2025-11-11 16:23:02 | INFO     | sqlalchemy.log:info:159 - BEGIN (implicit)
2025-11-11 16:23:02 | INFO     | sqlalchemy.log:info:159 - SELECT books.book_id, books.title, books.author, books.year_publication, books.genre, books.number_pages, books.isbn, books.accessibility, books.description, books.created_at, books.updated_at 
FROM books 
WHERE books.book_id = $1::INTEGER
2025-11-11 16:23:02 | INFO     | sqlalchemy.log:info:159 - [cached since 7.904s ago] (1,)
2025-11-11 16:23:02 | INFO     | sqlalchemy.log:info:159 - ROLLBACK
2025-11-11 16:23:02 | INFO     | presentation.middleware.logging:log_requests_middleware:24 - request_completed
2025-11-11 16:23:04 | INFO     | presentation.middleware.logging:log_requests_middleware:12 - request_started
2025-11-11 16:23:04 | INFO     | sqlalchemy.log:info:159 - BEGIN (implicit)
2025-11-11 16:23:04 | INFO     | sqlalchemy.log:info:159 - SELECT books.book_id, books.title, books.author, books.year_publication, books.genre, books.number_pages, books.isbn, books.accessibility, books.description, books.created_at, books.updated_at 
FROM books 
WHERE books.book_id = $1::INTEGER
2025-11-11 16:23:04 | INFO     | sqlalchemy.log:info:159 - [cached since 10.06s ago] (5,)
2025-11-11 16:23:04 | INFO     | sqlalchemy.log:info:159 - ROLLBACK
2025-11-11 16:23:04 | INFO     | presentation.middleware.logging:log_requests_middleware:24 - request_completed
2025-11-11 16:23:09 | INFO     | presentation.middleware.logging:log_requests_middleware:12 - request_started
2025-11-11 16:23:09 | INFO     | sqlalchemy.log:info:159 - BEGIN (implicit)
2025-11-11 16:23:09 | INFO     | sqlalchemy.log:info:159 - SELECT books.book_id, books.title, books.author, books.year_publication, books.genre, books.number_pages, books.isbn, books.accessibility, books.description, books.created_at, books.updated_at 
FROM books
2025-11-11 16:23:09 | INFO     | sqlalchemy.log:info:159 - [generated in 0.00059s] ()
2025-11-11 16:23:09 | INFO     | presentation.middleware.logging:log_requests_middleware:24 - request_completed
2025-11-11 16:23:09 | INFO     | sqlalchemy.log:info:159 - COMMIT
2025-11-11 16:23:18 | INFO     | presentation.middleware.logging:log_requests_middleware:12 - request_started
2025-11-11 16:23:18 | INFO     | sqlalchemy.log:info:159 - BEGIN (implicit)
2025-11-11 16:23:18 | INFO     | sqlalchemy.log:info:159 - SELECT books.book_id, books.title, books.author, books.year_publication, books.genre, books.number_pages, books.isbn, books.accessibility, books.description, books.created_at, books.updated_at 
FROM books 
WHERE books.book_id = $1::INTEGER
2025-11-11 16:23:18 | INFO     | sqlalchemy.log:info:159 - [cached since 24.19s ago] (12,)
2025-11-11 16:23:18 | INFO     | sqlalchemy.log:info:159 - DELETE FROM books WHERE books.book_id = $1::INTEGER
2025-11-11 16:23:18 | INFO     | sqlalchemy.log:info:159 - [cached since 21.33s ago] (12,)
2025-11-11 16:23:18 | INFO     | presentation.middleware.logging:log_requests_middleware:24 - request_completed
2025-11-11 16:23:18 | INFO     | sqlalchemy.log:info:159 - COMMIT
2025-11-11 16:23:24 | INFO     | presentation.middleware.logging:log_requests_middleware:12 - request_started
2025-11-11 16:23:24 | INFO     | sqlalchemy.log:info:159 - BEGIN (implicit)
2025-11-11 16:23:24 | INFO     | sqlalchemy.log:info:159 - INSERT INTO books (title, author, year_publication, genre, number_pages, isbn, accessibility, description, created_at, updated_at) VALUES ($1::VARCHAR, $2::VARCHAR, $3::INTEGER, $4::VARCHAR, $5::INTEGER, $6::VARCHAR, $7::BOOLEAN, $8::VARCHAR, $9::TIMESTAMP WITHOUT TIME ZONE, $10::TIMESTAMP WITHOUT TIME ZONE) RETURNING books.book_id
2025-11-11 16:23:24 | INFO     | sqlalchemy.log:info:159 - [cached since 101.6s ago] ('Harry Potter and the Order of the Phoenix', 'J. K. Rowling', 2007, 'Fiction', 180, '0747591261', True, 'The hottest day of the summer so far was drawing to a close and a drowsy silence lay over the large, square houses of Privet Drive.', datetime.datetime(2025, 11, 11, 13, 23, 24, 655408), datetime.datetime(2025, 11, 11, 13, 23, 24, 655411))
2025-11-11 16:23:24 | INFO     | sqlalchemy.log:info:159 - SELECT books.book_id, books.title, books.author, books.year_publication, books.genre, books.number_pages, books.isbn, books.accessibility, books.description, books.created_at, books.updated_at 
FROM books 
WHERE books.book_id = $1::INTEGER
2025-11-11 16:23:24 | INFO     | sqlalchemy.log:info:159 - [cached since 101.6s ago] (13,)
2025-11-11 16:23:24 | INFO     | presentation.middleware.logging:log_requests_middleware:24 - request_completed
2025-11-11 16:23:24 | INFO     | sqlalchemy.log:info:159 - COMMIT
2025-11-11 16:24:05 | INFO     | main:lifespan:24 - application_shutdown
2025-11-11 16:24:06 | INFO     | main:lifespan:17 - application_started
2025-11-11 16:24:12 | INFO     | presentation.middleware.logging:log_requests_middleware:12 - request_started
2025-11-11 16:24:12 | INFO     | sqlalchemy.log:info:159 - select pg_catalog.version()
2025-11-11 16:24:12 | INFO     | sqlalchemy.log:info:159 - [raw sql] ()
2025-11-11 16:24:12 | INFO     | sqlalchemy.log:info:159 - select current_schema()
2025-11-11 16:24:12 | INFO     | sqlalchemy.log:info:159 - [raw sql] ()
2025-11-11 16:24:13 | INFO     | sqlalchemy.log:info:159 - show standard_conforming_strings
2025-11-11 16:24:13 | INFO     | sqlalchemy.log:info:159 - [raw sql] ()
2025-11-11 16:24:13 | INFO     | sqlalchemy.log:info:159 - BEGIN (implicit)
2025-11-11 16:24:13 | INFO     | sqlalchemy.log:info:159 - SELECT books.book_id, books.title, books.author, books.year_publication, books.genre, books.number_pages, books.isbn, books.accessibility, books.description, books.created_at, books.updated_at 
FROM books 
WHERE books.book_id = $1::INTEGER
2025-11-11 16:24:13 | INFO     | sqlalchemy.log:info:159 - [generated in 0.00036s] (12,)
2025-11-11 16:24:13 | INFO     | sqlalchemy.log:info:159 - ROLLBACK
2025-11-11 16:24:13 | INFO     | presentation.middleware.logging:log_requests_middleware:24 - request_completed
2025-11-11 16:24:17 | INFO     | presentation.middleware.logging:log_requests_middleware:12 - request_started
2025-11-11 16:24:17 | INFO     | sqlalchemy.log:info:159 - BEGIN (implicit)
2025-11-11 16:24:17 | INFO     | sqlalchemy.log:info:159 - SELECT books.book_id, books.title, books.author, books.year_publication, books.genre, books.number_pages, books.isbn, books.accessibility, books.description, books.created_at, books.updated_at 
FROM books 
WHERE books.book_id = $1::INTEGER
2025-11-11 16:24:17 | INFO     | sqlalchemy.log:info:159 - [cached since 4.078s ago] (13,)
2025-11-11 16:24:17 | INFO     | sqlalchemy.log:info:159 - DELETE FROM books WHERE books.book_id = $1::INTEGER
2025-11-11 16:24:17 | INFO     | sqlalchemy.log:info:159 - [generated in 0.00051s] (13,)
2025-11-11 16:24:17 | INFO     | presentation.middleware.logging:log_requests_middleware:24 - request_completed
2025-11-11 16:24:17 | INFO     | sqlalchemy.log:info:159 - COMMIT
2025-11-11 16:24:22 | INFO     | presentation.middleware.logging:log_requests_middleware:12 - request_started
2025-11-11 16:24:22 | INFO     | sqlalchemy.log:info:159 - BEGIN (implicit)
2025-11-11 16:24:22 | INFO     | sqlalchemy.log:info:159 - INSERT INTO books (title, author, year_publication, genre, number_pages, isbn, accessibility, description, created_at, updated_at) VALUES ($1::VARCHAR, $2::VARCHAR, $3::INTEGER, $4::VARCHAR, $5::INTEGER, $6::VARCHAR, $7::BOOLEAN, $8::VARCHAR, $9::TIMESTAMP WITHOUT TIME ZONE, $10::TIMESTAMP WITHOUT TIME ZONE) RETURNING books.book_id
2025-11-11 16:24:22 | INFO     | sqlalchemy.log:info:159 - [generated in 0.00196s] ('Harry Potter and the Order of the Phoenix', 'J. K. Rowling', 2007, 'Fiction', 180, '0747591261', True, 'The hottest day of the summer so far was drawing to a close and a drowsy silence lay over the large, square houses of Privet Drive.', datetime.datetime(2025, 11, 11, 13, 24, 22, 125473), datetime.datetime(2025, 11, 11, 13, 24, 22, 125482))
2025-11-11 16:24:22 | INFO     | sqlalchemy.log:info:159 - SELECT books.book_id, books.title, books.author, books.year_publication, books.genre, books.number_pages, books.isbn, books.accessibility, books.description, books.created_at, books.updated_at 
FROM books 
WHERE books.book_id = $1::INTEGER
2025-11-11 16:24:22 | INFO     | sqlalchemy.log:info:159 - [generated in 0.00044s] (14,)
2025-11-11 16:24:22 | INFO     | infrastructure.external.file_storage_client:append_book_async:29 - Book appended to books.json
2025-11-11 16:24:22 | INFO     | presentation.middleware.logging:log_requests_middleware:24 - request_completed
2025-11-11 16:24:22 | INFO     | sqlalchemy.log:info:159 - COMMIT
2025-11-11 16:24:31 | INFO     | main:lifespan:17 - application_started
2025-11-11 16:24:31 | INFO     | main:lifespan:24 - application_shutdown
2025-11-11 16:38:32 | INFO     | main:lifespan:17 - application_started
2025-11-11 16:38:37 | INFO     | main:lifespan:24 - application_shutdown
2025-11-11 16:42:42 | INFO     | main:lifespan:17 - application_started
2025-11-11 16:42:45 | INFO     | presentation.middleware.logging:log_requests_middleware:12 - request_started
2025-11-11 16:42:45 | INFO     | sqlalchemy.log:info:159 - select pg_catalog.version()
2025-11-11 16:42:45 | INFO     | sqlalchemy.log:info:159 - [raw sql] ()
2025-11-11 16:42:45 | INFO     | sqlalchemy.log:info:159 - select current_schema()
2025-11-11 16:42:45 | INFO     | sqlalchemy.log:info:159 - [raw sql] ()
2025-11-11 16:42:45 | INFO     | sqlalchemy.log:info:159 - show standard_conforming_strings
2025-11-11 16:42:45 | INFO     | sqlalchemy.log:info:159 - [raw sql] ()
2025-11-11 16:42:45 | INFO     | sqlalchemy.log:info:159 - BEGIN (implicit)
2025-11-11 16:42:45 | INFO     | sqlalchemy.log:info:159 - INSERT INTO books (title, author, year_publication, genre, number_pages, isbn, accessibility, description, created_at, updated_at) VALUES ($1::VARCHAR, $2::VARCHAR, $3::INTEGER, $4::VARCHAR, $5::INTEGER, $6::VARCHAR, $7::BOOLEAN, $8::VARCHAR, $9::TIMESTAMP WITHOUT TIME ZONE, $10::TIMESTAMP WITHOUT TIME ZONE) RETURNING books.book_id
2025-11-11 16:42:45 | INFO     | sqlalchemy.log:info:159 - [generated in 0.00027s] ('Harry Potter and the Order of the Phoenix', 'J. K. Rowling', 2007, 'Fiction', 180, '0747591261', True, 'The hottest day of the summer so far was drawing to a close and a drowsy silence lay over the large, square houses of Privet Drive.', datetime.datetime(2025, 11, 11, 13, 42, 45, 337785), datetime.datetime(2025, 11, 11, 13, 42, 45, 337788))
2025-11-11 16:42:45 | INFO     | sqlalchemy.log:info:159 - SELECT books.book_id, books.title, books.author, books.year_publication, books.genre, books.number_pages, books.isbn, books.accessibility, books.description, books.created_at, books.updated_at 
FROM books 
WHERE books.book_id = $1::INTEGER
2025-11-11 16:42:45 | INFO     | sqlalchemy.log:info:159 - [generated in 0.00029s] (1,)
2025-11-11 16:42:45 | INFO     | infrastructure.external.file_storage_client:append_book_async:29 - Book appended to books.json
2025-11-11 16:42:45 | INFO     | presentation.middleware.logging:log_requests_middleware:24 - request_completed
2025-11-11 16:42:45 | INFO     | sqlalchemy.log:info:159 - COMMIT
2025-11-11 16:42:57 | INFO     | main:lifespan:24 - application_shutdown
