2025-11-10 00:14:00 | INFO     | main:startup_event:68 - application_started
2025-11-10 00:14:17 | INFO     | presentation.middleware.logging:log_requests_middleware:12 - request_started
2025-11-10 00:14:17 | INFO     | presentation.middleware.logging:log_requests_middleware:24 - request_completed
2025-11-10 00:14:18 | INFO     | presentation.middleware.logging:log_requests_middleware:12 - request_started
2025-11-10 00:14:18 | INFO     | presentation.middleware.logging:log_requests_middleware:24 - request_completed
2025-11-10 00:14:31 | INFO     | presentation.middleware.logging:log_requests_middleware:12 - request_started
2025-11-10 00:14:31 | INFO     | sqlalchemy.log:info:159 - select pg_catalog.version()
2025-11-10 00:14:31 | INFO     | sqlalchemy.log:info:159 - [raw sql] ()
2025-11-10 00:14:31 | INFO     | sqlalchemy.log:info:159 - select current_schema()
2025-11-10 00:14:31 | INFO     | sqlalchemy.log:info:159 - [raw sql] ()
2025-11-10 00:14:31 | INFO     | sqlalchemy.log:info:159 - show standard_conforming_strings
2025-11-10 00:14:31 | INFO     | sqlalchemy.log:info:159 - [raw sql] ()
2025-11-10 00:14:31 | INFO     | sqlalchemy.log:info:159 - BEGIN (implicit)
2025-11-10 00:14:31 | INFO     | sqlalchemy.log:info:159 - SELECT books.book_id, books.title, books.author, books.year_publication, books.genre, books.number_pages, books.isbn, books.accessibility, books.description, books.created_at, books.updated_at 
FROM books
2025-11-10 00:14:31 | INFO     | sqlalchemy.log:info:159 - [generated in 0.00020s] ()
2025-11-10 00:14:31 | INFO     | sqlalchemy.log:info:159 - ROLLBACK
2025-11-10 00:14:31 | ERROR    | presentation.api.exception_handlers:sqlalchemy_error_handler:106 - Database error: (sqlalchemy.dialects.postgresql.asyncpg.ProgrammingError) <class 'asyncpg.exceptions.UndefinedTableError'>: отношение "books" не существует
[SQL: SELECT books.book_id, books.title, books.author, books.year_publication, books.genre, books.number_pages, books.isbn, books.accessibility, books.description, books.created_at, books.updated_at 
FROM books]
(Background on this error at: https://sqlalche.me/e/20/f405)
2025-11-10 00:14:31 | ERROR    | presentation.middleware.logging:log_requests_middleware:40 - request_failed
2025-11-10 00:17:12 | INFO     | main:shutdown_event:78 - application_shutdown
